-------------------------------------------------------------------------------
Test set: br.com.fatecservicemain.FatecServiceMainApplicationTests
-------------------------------------------------------------------------------
Tests run: 1, Failures: 0, Errors: 1, Skipped: 0, Time elapsed: 0.769 s <<< FAILURE! - in br.com.fatecservicemain.FatecServiceMainApplicationTests
contextLoads  Time elapsed: 0.004 s  <<< ERROR!
java.lang.IllegalStateException: Failed to load ApplicationContext
Caused by: org.springframework.beans.factory.support.BeanDefinitionOverrideException: Invalid bean definition with name 'webConversionServiceProvider' defined in class path resource [org/springdoc/core/configuration/SpringDocConfiguration$WebConversionServiceConfiguration.class]: Cannot register bean definition [Root bean: class [null]; scope=; abstract=false; lazyInit=false; autowireMode=3; dependencyCheck=0; autowireCandidate=true; primary=false; factoryBeanName=org.springdoc.core.configuration.SpringDocConfiguration$WebConversionServiceConfiguration; factoryMethodName=webConversionServiceProvider; initMethodName=null; destroyMethodName=(inferred); defined in class path resource [org/springdoc/core/configuration/SpringDocConfiguration$WebConversionServiceConfiguration.class]] for bean 'webConversionServiceProvider': There is already [Root bean: class [null]; scope=; abstract=false; lazyInit=false; autowireMode=3; dependencyCheck=0; autowireCandidate=true; primary=false; factoryBeanName=org.springdoc.core.SpringDocConfiguration$WebConversionServiceConfiguration; factoryMethodName=webConversionServiceProvider; initMethodName=null; destroyMethodName=(inferred); defined in class path resource [org/springdoc/core/SpringDocConfiguration$WebConversionServiceConfiguration.class]] bound.

